2023-03-06 11:42:51
device: cuda
{
  "train_file": "data/example_datasets5/train.json",
  "dev_file": "",
  "kfold": false,
  "fold_splits": 5,
  "validation_rate": 0.1,
  "test_file": "",
  "token_level": "char",
  "token_file": "data/example_datasets5/token2id.txt",
  "ptm": "bert-base-chinese",
  "method": "span",
  "model_type": "ptm_bp",
  "hidden_dim": 200,
  "embedding_dim": 300,
  "filter_nums": 64,
  "checkpoints_dir": "checkpoints/example_datasets5",
  "model_name": "bert_crf.pkl",
  "span_classes": [
    "to",
    "cc",
    "bcc",
    "subject",
    "content",
    "nums",
    "type"
  ],
  "sequence_tag_classes": [
    "O",
    "B-PER",
    "I-PER",
    "B-ORG",
    "I-ORG",
    "B-LOC",
    "I-LOC"
  ],
  "decision_threshold": 0.5,
  "use_multilabel_categorical_cross_entropy": true,
  "use_gan": false,
  "gan_method": "pgd",
  "attack_round": 3,
  "multisample_dropout": false,
  "dropout_round": 5,
  "seed": 3407,
  "noisy_tune": false,
  "noise_lambda": 0.12,
  "warmup": false,
  "swa": false,
  "swa_start_step": 5000,
  "swa_lr": 1e-06,
  "anneal_epochs": 1,
  "ema": false,
  "scheduler_type": "linear",
  "num_warmup_steps": -1,
  "max_sequence_length": 300,
  "epoch": 50,
  "batch_size": 128,
  "dropout_rate": 0.5,
  "print_per_batch": 100,
  "learning_rate": 5e-05,
  "optimizer": "AdamW",
  "init_network": false,
  "init_network_method": "xavier",
  "use_fp16": false,
  "is_early_stop": true,
  "patient": 5
}
mode: train
